<?xml version="1.0" encoding="utf-8"?><testsuites name="pytest tests"><testsuite name="pytest" errors="0" failures="0" skipped="0" tests="64" time="61.756" timestamp="2026-04-25T11:58:02.319941+00:00" hostname="agent-env-60679200-bbae-4031-a74d-51f0f97e7ab2"><testcase classname="backend.tests.test_account.TestAccountProfile" name="test_get_profile_returns_user_data" time="0.483" /><testcase classname="backend.tests.test_account.TestAccountProfile" name="test_update_profile" time="0.214" /><testcase classname="backend.tests.test_account.TestAccountProfile" name="test_profile_requires_auth" time="0.108" /><testcase classname="backend.tests.test_account.TestAddresses" name="test_create_address" time="0.111" /><testcase classname="backend.tests.test_account.TestAddresses" name="test_list_addresses" time="0.119" /><testcase classname="backend.tests.test_account.TestAddresses" name="test_update_address" time="0.222" /><testcase classname="backend.tests.test_account.TestAddresses" name="test_delete_address" time="0.226" /><testcase classname="backend.tests.test_account.TestPaymentMethods" name="test_create_payment_method" time="0.119" /><testcase classname="backend.tests.test_account.TestPaymentMethods" name="test_list_payment_methods" time="0.172" /><testcase classname="backend.tests.test_account.TestPaymentMethods" name="test_delete_payment_method" time="0.117" /><testcase classname="backend.tests.test_account.TestChangePassword" name="test_change_password_wrong_current" time="0.371" /><testcase classname="backend.tests.test_account.TestChangePassword" name="test_change_password_too_short" time="0.360" /><testcase classname="backend.tests.test_account.TestChangePassword" name="test_change_password_success_and_revert" time="1.492" /><testcase classname="backend.tests.test_account.TestOrders" name="test_list_my_orders" time="0.117" /><testcase classname="backend.tests.test_account.TestOrders" name="test_orders_requires_auth" time="0.108" /><testcase classname="backend.tests.test_account.TestAdminRole" name="test_admin_profile_has_admin_role" time="0.438" /><testcase classname="backend.tests.test_account.TestAdminRole" name="test_user_profile_has_user_role" time="0.114" /><testcase classname="backend.tests.test_api.TestHealthAndProducts" name="test_api_root" time="0.101" /><testcase classname="backend.tests.test_api.TestHealthAndProducts" name="test_get_all_products" time="0.116" /><testcase classname="backend.tests.test_api.TestHealthAndProducts" name="test_get_men_products" time="0.106" /><testcase classname="backend.tests.test_api.TestHealthAndProducts" name="test_get_women_products" time="0.111" /><testcase classname="backend.tests.test_api.TestHealthAndProducts" name="test_get_products_sorted_by_price_low" time="0.109" /><testcase classname="backend.tests.test_api.TestHealthAndProducts" name="test_get_products_sorted_by_price_high" time="0.120" /><testcase classname="backend.tests.test_api.TestHealthAndProducts" name="test_get_single_product" time="0.238" /><testcase classname="backend.tests.test_api.TestHealthAndProducts" name="test_get_product_not_found" time="0.110" /><testcase classname="backend.tests.test_api.TestAuth" name="test_register_new_user" time="0.332" /><testcase classname="backend.tests.test_api.TestAuth" name="test_register_duplicate_email" time="0.480" /><testcase classname="backend.tests.test_api.TestAuth" name="test_login_success" time="0.757" /><testcase classname="backend.tests.test_api.TestAuth" name="test_login_admin" time="0.345" /><testcase classname="backend.tests.test_api.TestAuth" name="test_login_wrong_password" time="0.344" /><testcase classname="backend.tests.test_api.TestAuth" name="test_login_nonexistent_user" time="0.102" /><testcase classname="backend.tests.test_api.TestAuth" name="test_get_me_with_token" time="0.489" /><testcase classname="backend.tests.test_api.TestAuth" name="test_get_me_without_token" time="0.108" /><testcase classname="backend.tests.test_api.TestAuth" name="test_logout" time="0.104" /><testcase classname="backend.tests.test_api.TestCart" name="test_get_cart_empty" time="0.422" /><testcase classname="backend.tests.test_api.TestCart" name="test_get_cart_without_auth" time="0.106" /><testcase classname="backend.tests.test_api.TestCart" name="test_add_to_cart" time="0.576" /><testcase classname="backend.tests.test_api.TestCart" name="test_add_to_cart_and_verify" time="0.688" /><testcase classname="backend.tests.test_api.TestCart" name="test_update_cart_item" time="0.807" /><testcase classname="backend.tests.test_api.TestCart" name="test_remove_from_cart" time="0.779" /><testcase classname="backend.tests.test_api.TestWishlist" name="test_get_wishlist_empty" time="0.437" /><testcase classname="backend.tests.test_api.TestWishlist" name="test_get_wishlist_without_auth" time="0.104" /><testcase classname="backend.tests.test_api.TestWishlist" name="test_add_to_wishlist" time="0.567" /><testcase classname="backend.tests.test_api.TestWishlist" name="test_add_to_wishlist_and_verify" time="0.663" /><testcase classname="backend.tests.test_api.TestWishlist" name="test_check_wishlist_true" time="0.663" /><testcase classname="backend.tests.test_api.TestWishlist" name="test_check_wishlist_false" time="0.569" /><testcase classname="backend.tests.test_api.TestWishlist" name="test_remove_from_wishlist" time="43.052" /><testcase classname="backend.tests.test_api.TestWishlist" name="test_add_duplicate_to_wishlist" time="0.821" /><testcase classname="backend.tests.test_inventory_production.TestInventory" name="test_inventory_stats" time="0.391" /><testcase classname="backend.tests.test_inventory_production.TestInventory" name="test_list_inventory" time="0.052" /><testcase classname="backend.tests.test_inventory_production.TestInventory" name="test_filter_by_status" time="0.047" /><testcase classname="backend.tests.test_inventory_production.TestInventory" name="test_filter_by_gender" time="0.051" /><testcase classname="backend.tests.test_inventory_production.TestInventory" name="test_update_stock_and_verify" time="0.149" /><testcase classname="backend.tests.test_inventory_production.TestInventory" name="test_restock" time="0.096" /><testcase classname="backend.tests.test_inventory_production.TestInventory" name="test_inventory_requires_admin" time="0.387" /><testcase classname="backend.tests.test_inventory_production.TestProduction" name="test_production_stats" time="0.059" /><testcase classname="backend.tests.test_inventory_production.TestProduction" name="test_list_jobs" time="0.046" /><testcase classname="backend.tests.test_inventory_production.TestProduction" name="test_list_workers" time="0.045" /><testcase classname="backend.tests.test_inventory_production.TestProduction" name="test_create_worker" time="0.341" /><testcase classname="backend.tests.test_inventory_production.TestProduction" name="test_duplicate_worker_email" time="0.049" /><testcase classname="backend.tests.test_inventory_production.TestProduction" name="test_worker_can_login_and_access_production" time="0.512" /><testcase classname="backend.tests.test_inventory_production.TestProduction" name="test_production_requires_auth" time="0.050" /><testcase classname="backend.tests.test_inventory_production.TestProduction" name="test_delete_worker" time="0.096" /><testcase classname="backend.tests.test_inventory_production.TestProduction" name="test_delete_worker_not_found" time="0.047" /></testsuite></testsuites>