<?xml version="1.0" encoding="utf-8"?><testsuites name="pytest tests"><testsuite name="pytest" errors="0" failures="0" skipped="0" tests="17" time="4.510" timestamp="2026-04-25T13:22:15.600939+00:00" hostname="agent-env-60679200-bbae-4031-a74d-51f0f97e7ab2"><testcase classname="backend.tests.test_iter10_features.TestListVisits" name="test_list_requires_auth" time="0.212" /><testcase classname="backend.tests.test_iter10_features.TestListVisits" name="test_list_as_admin" time="0.452" /><testcase classname="backend.tests.test_iter10_features.TestListVisits" name="test_list_filter_pending" time="0.341" /><testcase classname="backend.tests.test_iter10_features.TestUpdateVisitStatus" name="test_no_auth_returns_401_or_403" time="0.225" /><testcase classname="backend.tests.test_iter10_features.TestUpdateVisitStatus" name="test_invalid_status_returns_400" time="0.250" /><testcase classname="backend.tests.test_iter10_features.TestUpdateVisitStatus" name="test_invalid_id_returns_400" time="0.113" /><testcase classname="backend.tests.test_iter10_features.TestUpdateVisitStatus" name="test_nonexistent_id_returns_404" time="0.132" /><testcase classname="backend.tests.test_iter10_features.TestUpdateVisitStatus" name="test_valid_status_updates[pending]" time="0.403" /><testcase classname="backend.tests.test_iter10_features.TestUpdateVisitStatus" name="test_valid_status_updates[confirmed]" time="0.334" /><testcase classname="backend.tests.test_iter10_features.TestUpdateVisitStatus" name="test_valid_status_updates[visited]" time="0.329" /><testcase classname="backend.tests.test_iter10_features.TestUpdateVisitStatus" name="test_valid_status_updates[cancelled]" time="0.320" /><testcase classname="backend.tests.test_iter10_features.TestDeleteVisit" name="test_no_auth" time="0.241" /><testcase classname="backend.tests.test_iter10_features.TestDeleteVisit" name="test_invalid_id_returns_400" time="0.116" /><testcase classname="backend.tests.test_iter10_features.TestDeleteVisit" name="test_nonexistent_id_returns_404" time="0.129" /><testcase classname="backend.tests.test_iter10_features.TestDeleteVisit" name="test_delete_and_verify_removal" time="0.413" /><testcase classname="backend.tests.test_iter10_features.TestSEOEndpoints" name="test_robots_txt" time="0.117" /><testcase classname="backend.tests.test_iter10_features.TestSEOEndpoints" name="test_sitemap_xml" time="0.291" /></testsuite></testsuites>