<?xml version="1.0" encoding="utf-8"?><testsuites name="pytest tests"><testsuite name="pytest" errors="0" failures="1" skipped="0" tests="18" time="3.761" timestamp="2026-04-25T13:02:17.364939+00:00" hostname="agent-env-60679200-bbae-4031-a74d-51f0f97e7ab2"><testcase classname="backend.tests.test_iter9_features.TestVisitsSchedule" name="test_schedule_visit_valid" time="0.243" /><testcase classname="backend.tests.test_iter9_features.TestVisitsSchedule" name="test_schedule_visit_invalid" time="0.108" /><testcase classname="backend.tests.test_iter9_features.TestVisitsSchedule" name="test_schedule_visit_bad_email" time="0.122" /><testcase classname="backend.tests.test_iter9_features.TestVisitsSchedule" name="test_list_visits_admin" time="0.459" /><testcase classname="backend.tests.test_iter9_features.TestVisitsSchedule" name="test_list_visits_unauth" time="0.118" /><testcase classname="backend.tests.test_iter9_features.TestVisitsSchedule" name="test_list_visits_non_admin" time="0.485" /><testcase classname="backend.tests.test_iter9_features.TestAdminDashboardFilter" name="test_dashboard_year" time="0.109" /><testcase classname="backend.tests.test_iter9_features.TestAdminDashboardFilter" name="test_dashboard_month" time="0.132" /><testcase classname="backend.tests.test_iter9_features.TestAdminDashboardFilter" name="test_dashboard_day" time="0.142" /><testcase classname="backend.tests.test_iter9_features.TestAdminDashboardFilter" name="test_dashboard_no_period" time="0.106" /><testcase classname="backend.tests.test_iter9_features.TestInventoryCategory" name="test_inventory_accessories_empty" time="0.118" /><testcase classname="backend.tests.test_iter9_features.TestInventoryCategory" name="test_inventory_no_filter" time="0.139" /><testcase classname="backend.tests.test_iter9_features.TestProductCRUD" name="test_create_product_non_admin" time="0.118"><failure message="assert 422 in (401, 403)&#10; +  where 422 = &lt;Response [422]&gt;.status_code">backend/tests/test_iter9_features.py:193: in test_create_product_non_admin
    assert r.status_code in (401, 403)
E   assert 422 in (401, 403)
E    +  where 422 = &lt;Response [422]&gt;.status_code</failure></testcase><testcase classname="backend.tests.test_iter9_features.TestProductCRUD" name="test_create_product_admin" time="0.248" /><testcase classname="backend.tests.test_iter9_features.TestProductCRUD" name="test_update_product_admin" time="0.226" /><testcase classname="backend.tests.test_iter9_features.TestProductCRUD" name="test_update_product_non_admin" time="0.109" /><testcase classname="backend.tests.test_iter9_features.TestProductCRUD" name="test_delete_product_non_admin" time="0.114" /><testcase classname="backend.tests.test_iter9_features.TestProductCRUD" name="test_delete_product_admin" time="0.460" /></testsuite></testsuites>