<?xml version="1.0" encoding="utf-8"?><testsuites name="pytest tests"><testsuite name="pytest" errors="0" failures="0" skipped="0" tests="10" time="4.018" timestamp="2026-04-26T11:47:08.429219+00:00" hostname="agent-env-60679200-bbae-4031-a74d-51f0f97e7ab2"><testcase classname="backend.tests.test_iter11_features.TestBannersPublic" name="test_list_public" time="0.176" /><testcase classname="backend.tests.test_iter11_features.TestBannersPublic" name="test_list_active_only" time="0.102" /><testcase classname="backend.tests.test_iter11_features.TestBannersAdmin" name="test_create_requires_admin" time="0.102" /><testcase classname="backend.tests.test_iter11_features.TestBannersAdmin" name="test_create_update_delete" time="1.248" /><testcase classname="backend.tests.test_iter11_features.TestUploads" name="test_upload_requires_admin" time="0.101" /><testcase classname="backend.tests.test_iter11_features.TestUploads" name="test_upload_png_and_fetch" time="0.204" /><testcase classname="backend.tests.test_iter11_features.TestUploads" name="test_upload_unsupported_ext" time="0.097" /><testcase classname="backend.tests.test_iter11_features.TestUploads" name="test_upload_too_large" time="0.335" /><testcase classname="backend.tests.test_iter11_features.TestRegression" name="test_sitemap" time="1.199" /><testcase classname="backend.tests.test_iter11_features.TestRegression" name="test_robots" time="0.271" /></testsuite></testsuites>