<?xml version="1.0" encoding="utf-8"?><testsuites name="pytest tests"><testsuite name="pytest" errors="0" failures="1" skipped="0" tests="36" time="6.131" timestamp="2026-04-26T17:21:38.715664+00:00" hostname="agent-env-60679200-bbae-4031-a74d-51f0f97e7ab2"><testcase classname="tests.test_iter12_features.TestReviews" name="test_list_reviews_empty_or_existing" time="0.345" /><testcase classname="tests.test_iter12_features.TestReviews" name="test_create_and_duplicate_review" time="0.726" /><testcase classname="tests.test_iter12_features.TestReviews" name="test_create_review_unauth" time="0.118" /><testcase classname="tests.test_iter12_features.TestCoupons" name="test_validate_seeded_welcome10" time="0.133" /><testcase classname="tests.test_iter12_features.TestCoupons" name="test_validate_min_purchase_fail" time="0.124" /><testcase classname="tests.test_iter12_features.TestCoupons" name="test_validate_unknown_code" time="0.152" /><testcase classname="tests.test_iter12_features.TestCoupons" name="test_admin_list_coupons_has_seed" time="0.457" /><testcase classname="tests.test_iter12_features.TestCoupons" name="test_admin_list_unauth" time="0.105" /><testcase classname="tests.test_iter12_features.TestCoupons" name="test_admin_create_update_delete_coupon" time="0.500" /><testcase classname="tests.test_iter12_features.TestReturns" name="test_list_returns_admin_ok" time="0.108" /><testcase classname="tests.test_iter12_features.TestReturns" name="test_create_return_unauth" time="0.112" /><testcase classname="tests.test_iter12_features.TestReturns" name="test_create_return_invalid_order" time="0.114" /><testcase classname="tests.test_iter12_features.TestReturns" name="test_patch_return_status_admin_only" time="0.116" /><testcase classname="tests.test_iter12_features.TestAnalytics" name="test_admin_analytics_endpoints[/api/admin/analytics/sizes]" time="0.124" /><testcase classname="tests.test_iter12_features.TestAnalytics" name="test_admin_analytics_endpoints[/api/admin/analytics/return-rate]" time="0.127" /><testcase classname="tests.test_iter12_features.TestAnalytics" name="test_admin_analytics_endpoints[/api/admin/analytics/size-mismatch]" time="0.114" /><testcase classname="tests.test_iter12_features.TestAnalytics" name="test_admin_analytics_endpoints[/api/admin/analytics/popular-customizations]" time="0.121" /><testcase classname="tests.test_iter12_features.TestAnalytics" name="test_analytics_unauth" time="0.116" /><testcase classname="tests.test_iter12_features.TestAdminUsers" name="test_list_users_super_admin" time="0.117" /><testcase classname="tests.test_iter12_features.TestAdminUsers" name="test_list_users_unauth" time="0.103" /><testcase classname="tests.test_iter12_features.TestAdminUsers" name="test_list_users_regular_user_forbidden" time="0.109" /><testcase classname="tests.test_iter12_features.TestAdminUsers" name="test_role_change_and_block" time="0.456" /><testcase classname="tests.test_iter12_features.TestBulk" name="test_bulk_products_admin" time="0.114" /><testcase classname="tests.test_iter12_features.TestBulk" name="test_bulk_products_missing_columns" time="0.127" /><testcase classname="tests.test_iter12_features.TestBulk" name="test_bulk_products_non_csv" time="0.135" /><testcase classname="tests.test_iter12_features.TestBulk" name="test_bulk_products_unauth" time="0.121" /><testcase classname="tests.test_iter12_features.TestBulk" name="test_bulk_inventory_admin" time="0.124"><failure message="assert 1 &gt;= 2&#10; +  where 1 = &lt;built-in method get of dict object at 0xfa49d3b66f80&gt;('upserted', 0)&#10; +    where &lt;built-in method get of dict object at 0xfa49d3b66f80&gt; = {'errors': [{'error': &quot;E11000 duplicate key error collection: test_database.inventory index: product_id_1 dup key: { product_id: null }, full error: {'index': 0, 'code': 11000, 'errmsg': 'E11000 duplicate key error collection: test_database.inventory index: product_id_1 dup key: { product_id: null }', 'keyPattern': {'product_id': 1}, 'keyValue': {'product_id': None}}&quot;, 'row': 3}], 'upserted': 1}.get&#10; +      where {'errors': [{'error': &quot;E11000 duplicate key error collection: test_database.inventory index: product_id_1 dup key: { product_id: null }, full error: {'index': 0, 'code': 11000, 'errmsg': 'E11000 duplicate key error collection: test_database.inventory index: product_id_1 dup key: { product_id: null }', 'keyPattern': {'product_id': 1}, 'keyValue': {'product_id': None}}&quot;, 'row': 3}], 'upserted': 1} = json()&#10; +        where json = &lt;Response [200]&gt;.json">E   assert 1 &gt;= 2
     +  where 1 = &lt;built-in method get of dict object at 0xfa49d3b66f80&gt;('upserted', 0)
     +    where &lt;built-in method get of dict object at 0xfa49d3b66f80&gt; = {'errors': [{'error': "E11000 duplicate key error collection: test_database.inventory index: product_id_1 dup key: { product_id: null }, full error: {'index': 0, 'code': 11000, 'errmsg': 'E11000 duplicate key error collection: test_database.inventory index: product_id_1 dup key: { product_id: null }', 'keyPattern': {'product_id': 1}, 'keyValue': {'product_id': None}}", 'row': 3}], 'upserted': 1}.get
     +      where {'errors': [{'error': "E11000 duplicate key error collection: test_database.inventory index: product_id_1 dup key: { product_id: null }, full error: {'index': 0, 'code': 11000, 'errmsg': 'E11000 duplicate key error collection: test_database.inventory index: product_id_1 dup key: { product_id: null }', 'keyPattern': {'product_id': 1}, 'keyValue': {'product_id': None}}", 'row': 3}], 'upserted': 1} = json()
     +        where json = &lt;Response [200]&gt;.json</failure></testcase><testcase classname="tests.test_iter12_features.TestWishlistMove" name="test_move_to_cart_unauth" time="0.107" /><testcase classname="tests.test_iter12_features.TestWishlistMove" name="test_move_to_cart_invalid_product" time="0.126" /><testcase classname="tests.test_iter12_features.TestWishlistMove" name="test_move_to_cart_success" time="0.120" /><testcase classname="tests.test_iter12_features.TestSearch" name="test_search_oxford" time="0.127" /><testcase classname="tests.test_iter12_features.TestSearch" name="test_search_no_match" time="0.104" /><testcase classname="tests.test_iter12_features.TestTax" name="test_tax_intra_vs_inter_state" time="0.000" /><testcase classname="tests.test_iter12_features.TestRegression" name="test_root" time="0.123" /><testcase classname="tests.test_iter12_features.TestRegression" name="test_products_list" time="0.104" /><testcase classname="tests.test_iter12_features.TestRegression" name="test_banners_public" time="0.114" /></testsuite></testsuites>